Unable to capture context for thread 7740 in process 2380, can not generate back trace
Unable to capture context for thread 7916 in process 2380, can not generate back trace
Unable to capture context for thread 7376 in process 2380, can not generate back trace
Exception at PC 0x00007FFB5B19BB93
Printing stacktrace...

[0]  [0x00007FFB5B19BB93]
[1]  [0x00007FFB5B19BB93]
[2]  [0x00007FFB5B19B4A1]
[3]  [0x00007FFB5B19B3EF]
[4]  [0x00007FFB5B1819FE]
[5]  [0x00007FFB5B180ED1]
[6]  [0x00007FFB5B180D76]
[7]  [0x00007FFB5B1279F6]
[8]  [0x00007FFB5B117AFB]
[9]  [0x00007FFB5B23E90A]
[10]  [0x00007FFB5B259F87]
[11]  [0x00007FFB5B25A05F]
[12] (BaseThreadInitThunk+0x14) [0x00007FFBCB184034]
[13] (RtlUserThreadStart+0x21) [0x00007FFBCDC33691]
Done
Exception at PC 0x00007FFB5AEA1A52
Attemped to write at address 0x00007FFB8913ABA4
Printing stacktrace...

[0]  [0x00007FFB5AEA1A52]
[1]  [0x00007FFB5AEA1A52]
[2]  [0x00007FFB5AEA1AD4]
[3]  [0x00007FFB5AFE3FF7]
[4]  [0x00007FFB5AEC9128]
[5]  [0x00007FFB5B17DFB9]
[6]  [0x00007FFB5B34EF23]
[7]  [0x00007FFB5B25B06B]
[8]  [0x00007FFB5B2508AF]
[9]  [0x00007FFB5B250A32]
[10] (RtlActivateActivationContextUnsafeFast+0x123) [0x00007FFBCDBFB583]
[11] (LdrShutdownProcess+0x125) [0x00007FFBCDC07F85]
[12] (RtlExitUserProcess+0xd8) [0x00007FFBCDC07E48]
[13] (FatalExit+0xa) [0x00007FFBCB18CA7A]
[14] (exit+0x75) [0x00007FFBCB079CE5]
[15] (initterm_e+0x235) [0x00007FFBCB07A345]
[16]  [0x00000000004014CD]
[17]  [0x000000000040151B]
[18] (BaseThreadInitThunk+0x14) [0x00007FFBCB184034]
[19] (RtlUserThreadStart+0x21) [0x00007FFBCDC33691]
Done
