Unable to capture context for thread 6780 in process 224, can not generate back trace
Unable to capture context for thread 2012 in process 224, can not generate back trace
Unable to capture context for thread 11888 in process 224, can not generate back trace
Exception at PC 0x00007FFA62E0BB93
Printing stacktrace...

[0]  [0x00007FFA62E0BB93]
[1]  [0x00007FFA62E0BB93]
[2]  [0x00007FFA62E0B4A1]
[3]  [0x00007FFA62E0B3EF]
[4]  [0x00007FFA62DF19FE]
[5]  [0x00007FFA62DF0ED1]
[6]  [0x00007FFA62DF0D76]
[7]  [0x00007FFA62D979F6]
[8]  [0x00007FFA62D87AFB]
[9]  [0x00007FFA62EAE90A]
[10]  [0x00007FFA62EC9F87]
[11]  [0x00007FFA62ECA05F]
[12] (BaseThreadInitThunk+0x14) [0x00007FFA91283DC4]
[13] (RtlUserThreadStart+0x21) [0x00007FFA93943691]
Done
Exception at PC 0x00007FFA62B11A52
Attemped to write at address 0x00007FFA5650ABA4
Printing stacktrace...

[0]  [0x00007FFA62B11A52]
[1]  [0x00007FFA62B11A52]
[2]  [0x00007FFA62B11AD4]
[3]  [0x00007FFA62C53FF7]
[4]  [0x00007FFA62B39128]
[5]  [0x00007FFA62DEDFB9]
[6]  [0x00007FFA62FBEF23]
[7]  [0x00007FFA62ECB06B]
[8]  [0x00007FFA62EC08AF]
[9]  [0x00007FFA62EC0A32]
[10] (RtlActivateActivationContextUnsafeFast+0x123) [0x00007FFA9390B583]
[11] (LdrShutdownProcess+0x125) [0x00007FFA93917F85]
[12] (RtlExitUserProcess+0xd8) [0x00007FFA93917E48]
[13] (FatalExit+0xa) [0x00007FFA9128C80A]
[14] (exit+0x75) [0x00007FFA934B9CE5]
[15] (initterm_e+0x235) [0x00007FFA934BA345]
[16]  [0x00000000004014CD]
[17]  [0x000000000040151B]
[18] (BaseThreadInitThunk+0x14) [0x00007FFA91283DC4]
[19] (RtlUserThreadStart+0x21) [0x00007FFA93943691]
Done
